<?xml version="1.0" encoding="UTF-8"?>
<!-- Generated by org.testng.reporters.JUnitReportReporter -->
<testsuite hostname="Anus-MacBook-Pro.local" name="com.exercise.BalancedParenthesesTests" tests="7" failures="0" timestamp="13 Nov 2016 00:42:22 GMT" time="0.040" errors="0">
  <testcase name="testNegative_number" time="0.033" classname="com.exercise.BalancedParenthesesTests"/>
  <testcase name="testPositivewithexpression" time="0.002" classname="com.exercise.BalancedParenthesesTests"/>
  <testcase name="testPositivewithnumber" time="0.002" classname="com.exercise.BalancedParenthesesTests"/>
  <testcase name="testNegative_unbalancedsinglecharacter" time="0.001" classname="com.exercise.BalancedParenthesesTests"/>
  <testcase name="testPositive_NullString" time="0.001" classname="com.exercise.BalancedParenthesesTests"/>
  <testcase name="testPositive" time="0.000" classname="com.exercise.BalancedParenthesesTests"/>
  <testcase name="testNegative_unbalanced" time="0.001" classname="com.exercise.BalancedParenthesesTests"/>
</testsuite> <!-- com.exercise.BalancedParenthesesTests -->
