<?xml version="1.0" encoding="UTF-8"?>
<!-- Generated by org.testng.reporters.JUnitReportReporter -->
<testsuite hostname="Anus-MacBook-Pro.local" name="com.exercise.sumofNumTest" tests="6" failures="0" timestamp="13 Nov 2016 01:52:17 GMT" time="0.029" errors="0">
  <testcase name="testPositive_singleElement" time="0.001" classname="com.exercise.sumofNumTest"/>
  <testcase name="testPositive_negativeValues" time="0.004" classname="com.exercise.sumofNumTest"/>
  <testcase name="testNegative_Incorrect" time="0.004" classname="com.exercise.sumofNumTest"/>
  <testcase name="testPositive_zero" time="0.002" classname="com.exercise.sumofNumTest"/>
  <testcase name="testException" time="0.013" classname="com.exercise.sumofNumTest"/>
  <testcase name="testPositive" time="0.005" classname="com.exercise.sumofNumTest"/>
</testsuite> <!-- com.exercise.sumofNumTest -->
