<?xml version="1.0" encoding="UTF-8"?>
<!-- Generated by org.testng.reporters.JUnitReportReporter -->
<testsuite hostname="Anus-MacBook-Pro.local" name="com.exercise.addintoDictTest" tests="2" failures="0" timestamp="15 Nov 2016 06:51:00 GMT" time="0.026" errors="0">
  <testcase name="testHashMapUpdate" time="0.001" classname="com.exercise.addintoDictTest"/>
  <testcase name="testHashMapInsert" time="0.025" classname="com.exercise.addintoDictTest"/>
</testsuite> <!-- com.exercise.addintoDictTest -->
